0 info it worked if it ends with ok
1 verbose cli [ 'C:\\Program Files\\nodejs\\node.exe',
1 verbose cli   'C:\\Program Files\\nodejs\\node_modules\\npm\\bin\\npm-cli.js',
1 verbose cli   'start' ]
2 info using npm@3.10.10
3 info using node@v6.11.3
4 verbose run-script [ 'prestart', 'start', 'poststart' ]
5 info lifecycle my_package@1.0.1~prestart: my_package@1.0.1
6 silly lifecycle my_package@1.0.1~prestart: no script for prestart, continuing
7 info lifecycle my_package@1.0.1~start: my_package@1.0.1
8 verbose lifecycle my_package@1.0.1~start: unsafe-perm in lifecycle true
9 verbose lifecycle my_package@1.0.1~start: PATH: C:\Program Files\nodejs\node_modules\npm\bin\node-gyp-bin;C:\Users\Salih\Documents\GitHub\node.js-design-work\node_modules\.bin;C:\Program Files\Java\jdk1.8.0_121\bin;C:\Program Files\MySQL\bin;C:\Program Files\nodejs\;C:\Windows\System32\;C:\Users\Salih\AppData\Local\Microsoft\WindowsApps;C:\Program Files (x86)\Microsoft VS Code\bin;C:\Users\Salih\AppData\Roaming\npm;C:\Users\Salih\AppData\Local\GitHubDesktop\bin;C:\MongoDB\bin;C:\Users\Salih\AppData\Local\atom\bin;C:\Program Files\MySQL\bin;C:\apache-maven-3.5.2\bin;C:\Program Files\Java\jdk1.8.0_121\bin
10 verbose lifecycle my_package@1.0.1~start: CWD: C:\Users\Salih\Documents\GitHub\node.js-design-work
11 silly lifecycle my_package@1.0.1~start: Args: [ '/d /s /c', 'nodemon app.js' ]
12 verbose stack Error: kill ENOSYS
12 verbose stack     at exports._errnoException (util.js:1020:11)
12 verbose stack     at process.kill (internal/process.js:190:13)
12 verbose stack     at process.listener (C:\Program Files\nodejs\node_modules\npm\node_modules\npmlog\node_modules\gauge\node_modules\signal-exit\index.js:86:15)
12 verbose stack     at emitNone (events.js:91:20)
12 verbose stack     at process.emit (events.js:185:7)
12 verbose stack     at processEmit (C:\Program Files\nodejs\node_modules\npm\node_modules\npmlog\node_modules\gauge\node_modules\signal-exit\index.js:146:32)
12 verbose stack     at processEmit (C:\Program Files\nodejs\node_modules\npm\node_modules\npm-registry-client\node_modules\npmlog\node_modules\gauge\node_modules\signal-exit\index.js:146:32)
12 verbose stack     at Signal.wrap.onsignal (internal/process.js:217:44)
13 verbose cwd C:\Users\Salih\Documents\GitHub\node.js-design-work
14 error Windows_NT 10.0.14393
15 error argv "C:\\Program Files\\nodejs\\node.exe" "C:\\Program Files\\nodejs\\node_modules\\npm\\bin\\npm-cli.js" "start"
16 error node v6.11.3
17 error npm  v3.10.10
18 error code ENOSYS
19 error errno ENOSYS
20 error syscall kill
21 error kill ENOSYS
22 error If you need help, you may report this error at:
22 error     <https://github.com/npm/npm/issues>
23 verbose exit [ 1, true ]
